Build started 2017/12/17 21:42:48.
     1>Project "C:\Users\lenovo\Documents\Visual Studio 2010\Projects\LabDES\LabDES\LabDES.vcxproj" on node 2 (rebuild target(s)).
     1>_PrepareForClean:
         Deleting file "Debug\LabDES.lastbuildstate".
       InitializeBuildStatus:
         Creating "Debug\LabDES.unsuccessfulbuild" because "AlwaysCreate" was specified.
       ClCompile:
         D:\Program Files\Visual Studio 2010\VC\bin\CL.exe /c /ZI /nologo /W3 /WX- /Od /Oy- /D WIN32 /D _DEBUG /D _CONSOLE /D _UNICODE /D UNICODE /Gm /EHsc /RTC1 /MDd /GS /fp:precise /Zc:wchar_t /Zc:forScope /Fo"Debug\\" /Fd"Debug\vc100.pdb" /Gd /TP /analyze- /errorReport:prompt bit_tables.cpp expend.cpp main.cpp permutations.cpp round.cpp sbox_helper.cpp split.cpp subkey.cpp xor.cpp
         xor.cpp
         subkey.cpp
         split.cpp
         sbox_helper.cpp
         round.cpp
         permutations.cpp
         main.cpp
         expend.cpp
         bit_tables.cpp
         Generating Code...
       Link:
         D:\Program Files\Visual Studio 2010\VC\bin\link.exe /ERRORREPORT:PROMPT /OUT:"C:\Users\lenovo\Documents\Visual Studio 2010\Projects\LabDES\Debug\LabDES.exe" /INCREMENTAL:NO /NOLOGO kernel32.lib user32.lib gdi32.lib winspool.lib comdlg32.lib advapi32.lib shell32.lib ole32.lib oleaut32.lib uuid.lib odbc32.lib odbccp32.lib /MANIFEST /ManifestFile:"Debug\LabDES.exe.intermediate.manifest" /MANIFESTUAC:"level='asInvoker' uiAccess='false'" /DEBUG /PDB:"C:\Users\lenovo\Documents\Visual Studio 2010\Projects\LabDES\Debug\LabDES.pdb" /SUBSYSTEM:CONSOLE /TLBID:1 /DYNAMICBASE /NXCOMPAT /IMPLIB:"C:\Users\lenovo\Documents\Visual Studio 2010\Projects\LabDES\Debug\LabDES.lib" /MACHINE:X86 Debug\bit_tables.obj
         Debug\expend.obj
         Debug\main.obj
         Debug\permutations.obj
         Debug\round.obj
         Debug\sbox_helper.obj
         Debug\split.obj
         Debug\subkey.obj
         Debug\xor.obj
     1>bit_tables.obj : warning LNK4075: ignoring '/EDITANDCONTINUE' due to '/INCREMENTAL:NO' specification
         LabDES.vcxproj -> C:\Users\lenovo\Documents\Visual Studio 2010\Projects\LabDES\Debug\LabDES.exe
       Manifest:
         C:\Program Files (x86)\Microsoft SDKs\Windows\v7.0A\bin\mt.exe /nologo /verbose /outputresource:"C:\Users\lenovo\Documents\Visual Studio 2010\Projects\LabDES\Debug\LabDES.exe;#1" /manifest Debug\LabDES.exe.intermediate.manifest
       FinalizeBuildStatus:
         Deleting file "Debug\LabDES.unsuccessfulbuild".
         Touching "Debug\LabDES.lastbuildstate".
     1>Done Building Project "C:\Users\lenovo\Documents\Visual Studio 2010\Projects\LabDES\LabDES\LabDES.vcxproj" (rebuild target(s)).

Build succeeded.

Time Elapsed 00:00:06.34
