C:\USERS\LENOVO\DOCUMENTS\VISUAL STUDIO 2010\PROJECTS\LABDES\DEBUG\LABDES.EXE
C:\USERS\LENOVO\DOCUMENTS\VISUAL STUDIO 2010\PROJECTS\LABDES\DEBUG\LABDES.PDB
C:\USERS\LENOVO\DOCUMENTS\VISUAL STUDIO 2010\PROJECTS\LABDES\LABDES\DEBUG\BIT_TABLES.OBJ
C:\Users\lenovo\Documents\Visual Studio 2010\Projects\LabDES\LabDES\Debug\cl.command.1.tlog
C:\Users\lenovo\Documents\Visual Studio 2010\Projects\LabDES\LabDES\Debug\CL.read.1.tlog
C:\Users\lenovo\Documents\Visual Studio 2010\Projects\LabDES\LabDES\Debug\CL.write.1.tlog
C:\USERS\LENOVO\DOCUMENTS\VISUAL STUDIO 2010\PROJECTS\LABDES\LABDES\DEBUG\EXPEND.OBJ
C:\USERS\LENOVO\DOCUMENTS\VISUAL STUDIO 2010\PROJECTS\LABDES\LABDES\DEBUG\LABDES.EXE.INTERMEDIATE.MANIFEST
C:\Users\lenovo\Documents\Visual Studio 2010\Projects\LabDES\LabDES\Debug\LabDES.write.1.tlog
C:\Users\lenovo\Documents\Visual Studio 2010\Projects\LabDES\LabDES\Debug\link.command.1.tlog
C:\Users\lenovo\Documents\Visual Studio 2010\Projects\LabDES\LabDES\Debug\link.read.1.tlog
C:\Users\lenovo\Documents\Visual Studio 2010\Projects\LabDES\LabDES\Debug\link.write.1.tlog
C:\USERS\LENOVO\DOCUMENTS\VISUAL STUDIO 2010\PROJECTS\LABDES\LABDES\DEBUG\MAIN.OBJ
C:\Users\lenovo\Documents\Visual Studio 2010\Projects\LabDES\LabDES\Debug\mt.command.1.tlog
C:\Users\lenovo\Documents\Visual Studio 2010\Projects\LabDES\LabDES\Debug\mt.read.1.tlog
C:\Users\lenovo\Documents\Visual Studio 2010\Projects\LabDES\LabDES\Debug\mt.write.1.tlog
C:\USERS\LENOVO\DOCUMENTS\VISUAL STUDIO 2010\PROJECTS\LABDES\LABDES\DEBUG\PERMUTATIONS.OBJ
C:\USERS\LENOVO\DOCUMENTS\VISUAL STUDIO 2010\PROJECTS\LABDES\LABDES\DEBUG\ROUND.OBJ
C:\USERS\LENOVO\DOCUMENTS\VISUAL STUDIO 2010\PROJECTS\LABDES\LABDES\DEBUG\SBOX_HELPER.OBJ
C:\USERS\LENOVO\DOCUMENTS\VISUAL STUDIO 2010\PROJECTS\LABDES\LABDES\DEBUG\SPLIT.OBJ
C:\USERS\LENOVO\DOCUMENTS\VISUAL STUDIO 2010\PROJECTS\LABDES\LABDES\DEBUG\SUBKEY.OBJ
C:\Users\lenovo\Documents\Visual Studio 2010\Projects\LabDES\LabDES\Debug\vc100.idb
C:\USERS\LENOVO\DOCUMENTS\VISUAL STUDIO 2010\PROJECTS\LABDES\LABDES\DEBUG\VC100.PDB
C:\USERS\LENOVO\DOCUMENTS\VISUAL STUDIO 2010\PROJECTS\LABDES\LABDES\DEBUG\XOR.OBJ
